<?xml version="1.0" encoding="UTF-8"?>
<!-- Generated by org.testng.reporters.JUnitReportReporter -->
<testsuite hostname="AppajiPC" failures="0" tests="1" name="testcases.TestCaseOne" time="26.903" errors="0" timestamp="2021-10-11T19:58:35 IST" skipped="0">
  <testcase classname="testcases.TestCaseOne" name="testOneGrid" time="26.903"/>
  <system-out/>
</testsuite> <!-- testcases.TestCaseOne -->
